<?xml version="1.0" encoding="UTF-8"?>
<testsuite name="Playwright_Learning_Java"
           tests="5"
           failures="0"
           errors="0"
           skipped="0"
           time="2.502">
    <properties></properties>



            <testcase
                name="homePageTitleTest"
                time="0.021"
                classname="com.naveenplaywrightlearn.tests.HomePageTests">
            </testcase>
            <testcase
                name="homePageURLTest"
                time="0.000"
                classname="com.naveenplaywrightlearn.tests.HomePageTests">
            </testcase>
            <testcase
                name="searchTest"
                time="0.944"
                classname="com.naveenplaywrightlearn.tests.HomePageTests">
            </testcase>
            <testcase
                name="searchTest"
                time="0.591"
                classname="com.naveenplaywrightlearn.tests.HomePageTests">
            </testcase>
            <testcase
                name="searchTest"
                time="0.946"
                classname="com.naveenplaywrightlearn.tests.HomePageTests">
            </testcase>
</testsuite>
